<?xml version="1.0" encoding="UTF-8"?>
<testsuite name="com.mindex.challenge.service.impl.CompensationServiceImplTest" tests="1" skipped="0" failures="0" errors="0" timestamp="2024-08-28T18:30:06" hostname="JESSKTOP" time="0.193">
  <properties/>
  <testcase name="testCreateRead" classname="com.mindex.challenge.service.impl.CompensationServiceImplTest" time="0.193"/>
  <system-out><![CDATA[2024-08-28 14:30:05.515  INFO 30456 --- [    Test worker] .b.t.c.SpringBootTestContextBootstrapper : Neither @ContextConfiguration nor @ContextHierarchy found for test class [com.mindex.challenge.service.impl.CompensationServiceImplTest], using SpringBootContextLoader
2024-08-28 14:30:05.516  INFO 30456 --- [    Test worker] o.s.t.c.support.AbstractContextLoader    : Could not detect default resource locations for test class [com.mindex.challenge.service.impl.CompensationServiceImplTest]: no resource found for suffixes {-context.xml, Context.groovy}.
2024-08-28 14:30:05.516  INFO 30456 --- [    Test worker] t.c.s.AnnotationConfigContextLoaderUtils : Could not detect default configuration classes for test class [com.mindex.challenge.service.impl.CompensationServiceImplTest]: CompensationServiceImplTest does not declare any static, non-private, non-final, nested classes annotated with @Configuration.
2024-08-28 14:30:05.523  INFO 30456 --- [    Test worker] .b.t.c.SpringBootTestContextBootstrapper : Found @SpringBootConfiguration com.mindex.challenge.ChallengeApplication for test class com.mindex.challenge.service.impl.CompensationServiceImplTest
2024-08-28 14:30:05.524  INFO 30456 --- [    Test worker] .b.t.c.SpringBootTestContextBootstrapper : Loaded default TestExecutionListener class names from location [META-INF/spring.factories]: [org.springframework.boot.test.autoconfigure.restdocs.RestDocsTestExecutionListener, org.springframework.boot.test.autoconfigure.web.client.MockRestServiceServerResetTestExecutionListener, org.springframework.boot.test.autoconfigure.web.servlet.MockMvcPrintOnlyOnFailureTestExecutionListener, org.springframework.boot.test.autoconfigure.web.servlet.WebDriverTestExecutionListener, org.springframework.boot.test.mock.mockito.MockitoTestExecutionListener, org.springframework.boot.test.mock.mockito.ResetMocksTestExecutionListener, org.springframework.test.context.web.ServletTestExecutionListener, org.springframework.test.context.support.DirtiesContextBeforeModesTestExecutionListener, org.springframework.test.context.support.DependencyInjectionTestExecutionListener, org.springframework.test.context.support.DirtiesContextTestExecutionListener, org.springframework.test.context.transaction.TransactionalTestExecutionListener, org.springframework.test.context.jdbc.SqlScriptsTestExecutionListener, org.springframework.test.context.event.EventPublishingTestExecutionListener]
2024-08-28 14:30:05.524  INFO 30456 --- [    Test worker] .b.t.c.SpringBootTestContextBootstrapper : Using TestExecutionListeners: [org.springframework.test.context.web.ServletTestExecutionListener@7d80fc3d, org.springframework.test.context.support.DirtiesContextBeforeModesTestExecutionListener@6d9e7fdc, org.springframework.boot.test.mock.mockito.MockitoTestExecutionListener@52cff1d9, org.springframework.boot.test.autoconfigure.SpringBootDependencyInjectionTestExecutionListener@29456a7, org.springframework.test.context.support.DirtiesContextTestExecutionListener@780f23dc, org.springframework.test.context.transaction.TransactionalTestExecutionListener@66f1c39e, org.springframework.test.context.jdbc.SqlScriptsTestExecutionListener@4b9db7a0, org.springframework.test.context.event.EventPublishingTestExecutionListener@6b1cf11a, org.springframework.boot.test.autoconfigure.restdocs.RestDocsTestExecutionListener@6a8c3e66, org.springframework.boot.test.autoconfigure.web.client.MockRestServiceServerResetTestExecutionListener@289ed9a, org.springframework.boot.test.autoconfigure.web.servlet.MockMvcPrintOnlyOnFailureTestExecutionListener@240f6adc, org.springframework.boot.test.autoconfigure.web.servlet.WebDriverTestExecutionListener@2897db66, org.springframework.boot.test.mock.mockito.ResetMocksTestExecutionListener@23e3af1c]

  .   ____          _            __ _ _
 /\\ / ___'_ __ _ _(_)_ __  __ _ \ \ \ \
( ( )\___ | '_ | '_| | '_ \/ _` | \ \ \ \
 \\/  ___)| |_)| | | | | || (_| |  ) ) ) )
  '  |____| .__|_| |_|_| |_\__, | / / / /
 =========|_|==============|___/=/_/_/_/
 :: Spring Boot ::        (v2.2.0.RELEASE)

2024-08-28 14:30:05.546  INFO 30456 --- [    Test worker] c.m.c.s.i.CompensationServiceImplTest    : Starting CompensationServiceImplTest on JESSKTOP with PID 30456 (started by Jesse in C:\Users\Jesse\Documents\Mindex-Java-Code-Challenge)
2024-08-28 14:30:05.546 DEBUG 30456 --- [    Test worker] c.m.c.s.i.CompensationServiceImplTest    : Running with Spring Boot v2.2.0.RELEASE, Spring v5.2.0.RELEASE
2024-08-28 14:30:05.546  INFO 30456 --- [    Test worker] c.m.c.s.i.CompensationServiceImplTest    : No active profile set, falling back to default profiles: default
2024-08-28 14:30:05.634  INFO 30456 --- [    Test worker] .s.d.r.c.RepositoryConfigurationDelegate : Bootstrapping Spring Data repositories in DEFAULT mode.
2024-08-28 14:30:05.639  INFO 30456 --- [    Test worker] .s.d.r.c.RepositoryConfigurationDelegate : Finished Spring Data repository scanning in 5ms. Found 2 repository interfaces.
2024-08-28 14:30:05.861  INFO 30456 --- [    Test worker] o.s.b.w.embedded.tomcat.TomcatWebServer  : Tomcat initialized with port(s): 0 (http)
2024-08-28 14:30:05.871  INFO 30456 --- [    Test worker] o.apache.catalina.core.StandardService   : Starting service [Tomcat]
2024-08-28 14:30:05.871  INFO 30456 --- [    Test worker] org.apache.catalina.core.StandardEngine  : Starting Servlet engine: [Apache Tomcat/9.0.27]
2024-08-28 14:30:05.965  INFO 30456 --- [    Test worker] o.a.c.c.C.[Tomcat].[localhost].[/]       : Initializing Spring embedded WebApplicationContext
2024-08-28 14:30:05.965  INFO 30456 --- [    Test worker] o.s.web.context.ContextLoader            : Root WebApplicationContext: initialization completed in 416 ms
2024-08-28 14:30:06.062  INFO 30456 --- [    Test worker] de.bwaldvogel.mongo.MongoServer          : started MongoServer(port: 49758, ssl: false)
2024-08-28 14:30:06.063  INFO 30456 --- [    Test worker] org.mongodb.driver.cluster               : Cluster created with settings {hosts=[127.0.0.1:49758], mode=SINGLE, requiredClusterType=UNKNOWN, serverSelectionTimeout='30000 ms', maxWaitQueueSize=500}
2024-08-28 14:30:06.065  INFO 30456 --- [-server-worker1] d.b.mongo.wire.MongoWireProtocolHandler  : client [id: 0xa7034883, L:/127.0.0.1:49758 - R:/127.0.0.1:49759] connected
2024-08-28 14:30:06.068  WARN 30456 --- [    Test worker] o.s.data.convert.CustomConversions       : Registering converter from class java.time.LocalDateTime to class java.time.Instant as reading converter although it doesn't convert from a store-supported type! You might wanna check you annotation setup at the converter implementation.
2024-08-28 14:30:06.068  WARN 30456 --- [    Test worker] o.s.data.convert.CustomConversions       : Registering converter from class java.time.Instant to class java.time.LocalDateTime as reading converter although it doesn't convert from a store-supported type! You might wanna check you annotation setup at the converter implementation.
2024-08-28 14:30:06.069  WARN 30456 --- [    Test worker] o.s.data.convert.CustomConversions       : Registering converter from class java.time.LocalDateTime to class java.time.Instant as reading converter although it doesn't convert from a store-supported type! You might wanna check you annotation setup at the converter implementation.
2024-08-28 14:30:06.069  WARN 30456 --- [    Test worker] o.s.data.convert.CustomConversions       : Registering converter from class java.time.Instant to class java.time.LocalDateTime as reading converter although it doesn't convert from a store-supported type! You might wanna check you annotation setup at the converter implementation.
2024-08-28 14:30:06.073  INFO 30456 --- [127.0.0.1:49758] org.mongodb.driver.connection            : Opened connection [connectionId{localValue:3}] to 127.0.0.1:49758
2024-08-28 14:30:06.073  INFO 30456 --- [127.0.0.1:49758] org.mongodb.driver.cluster               : Monitor thread successfully connected to server with description ServerDescription{address=127.0.0.1:49758, type=STANDALONE, state=CONNECTED, ok=true, version=ServerVersion{versionList=[3, 0, 0]}, minWireVersion=0, maxWireVersion=2, maxDocumentSize=16777216, logicalSessionTimeoutMinutes=null, roundTripTimeNanos=450100}
2024-08-28 14:30:06.104  INFO 30456 --- [-server-worker2] d.b.mongo.wire.MongoWireProtocolHandler  : client [id: 0x9020081f, L:/127.0.0.1:49758 - R:/127.0.0.1:49760] connected
2024-08-28 14:30:06.110  INFO 30456 --- [    Test worker] org.mongodb.driver.connection            : Opened connection [connectionId{localValue:4}] to 127.0.0.1:49758
2024-08-28 14:30:06.111  INFO 30456 --- [-server-worker2] d.b.mongo.backend.AbstractMongoBackend   : created database test
2024-08-28 14:30:06.111  INFO 30456 --- [-server-worker2] d.b.mongo.backend.AbstractMongoDatabase  : adding unique _id index for collection employee
2024-08-28 14:30:06.111  INFO 30456 --- [-server-worker2] d.b.mongo.backend.AbstractMongoDatabase  : created collection test.employee
2024-08-28 14:30:06.228  INFO 30456 --- [    Test worker] o.s.s.concurrent.ThreadPoolTaskExecutor  : Initializing ExecutorService 'applicationTaskExecutor'
2024-08-28 14:30:06.327  WARN 30456 --- [    Test worker] o.s.data.convert.CustomConversions       : Registering converter from class java.time.LocalDateTime to class java.time.Instant as reading converter although it doesn't convert from a store-supported type! You might wanna check you annotation setup at the converter implementation.
2024-08-28 14:30:06.327  WARN 30456 --- [    Test worker] o.s.data.convert.CustomConversions       : Registering converter from class java.time.Instant to class java.time.LocalDateTime as reading converter although it doesn't convert from a store-supported type! You might wanna check you annotation setup at the converter implementation.
2024-08-28 14:30:06.342  WARN 30456 --- [    Test worker] o.s.data.convert.CustomConversions       : Registering converter from class java.time.LocalDateTime to class java.time.Instant as reading converter although it doesn't convert from a store-supported type! You might wanna check you annotation setup at the converter implementation.
2024-08-28 14:30:06.343  WARN 30456 --- [    Test worker] o.s.data.convert.CustomConversions       : Registering converter from class java.time.Instant to class java.time.LocalDateTime as reading converter although it doesn't convert from a store-supported type! You might wanna check you annotation setup at the converter implementation.
2024-08-28 14:30:06.411  INFO 30456 --- [    Test worker] o.s.b.w.embedded.tomcat.TomcatWebServer  : Tomcat started on port(s): 49765 (http) with context path ''
2024-08-28 14:30:06.412  INFO 30456 --- [    Test worker] c.m.c.s.i.CompensationServiceImplTest    : Started CompensationServiceImplTest in 0.887 seconds (JVM running for 4.109)
2024-08-28 14:30:06.505  INFO 30456 --- [o-auto-1-exec-1] o.a.c.c.C.[Tomcat].[localhost].[/]       : Initializing Spring DispatcherServlet 'dispatcherServlet'
2024-08-28 14:30:06.505  INFO 30456 --- [o-auto-1-exec-1] o.s.web.servlet.DispatcherServlet        : Initializing Servlet 'dispatcherServlet'
2024-08-28 14:30:06.520  INFO 30456 --- [o-auto-1-exec-1] o.s.web.servlet.DispatcherServlet        : Completed initialization in 15 ms
2024-08-28 14:30:06.555 DEBUG 30456 --- [o-auto-1-exec-1] c.m.c.controller.EmployeeController      : Received employee create request for [com.mindex.challenge.data.Employee@69aa9802]
2024-08-28 14:30:06.557 DEBUG 30456 --- [o-auto-1-exec-1] c.m.c.service.impl.EmployeeServiceImpl   : Creating employee [com.mindex.challenge.data.Employee@69aa9802]
2024-08-28 14:30:06.592 DEBUG 30456 --- [o-auto-1-exec-2] c.m.c.controller.CompensationController  : Received compensation create request [com.mindex.challenge.data.Compensation@23aa9432]
2024-08-28 14:30:06.592 DEBUG 30456 --- [o-auto-1-exec-2] c.m.c.s.impl.CompensationServiceImpl     : Creating compensation [com.mindex.challenge.data.Compensation@23aa9432]
2024-08-28 14:30:06.596  INFO 30456 --- [-server-worker2] d.b.mongo.backend.AbstractMongoDatabase  : adding unique _id index for collection compensation
2024-08-28 14:30:06.597  INFO 30456 --- [-server-worker2] d.b.mongo.backend.AbstractMongoDatabase  : created collection test.compensation
2024-08-28 14:30:06.601 DEBUG 30456 --- [o-auto-1-exec-3] c.m.c.controller.CompensationController  : Received compensation read request for employee id [b29f2ae3-94b6-4a4a-b9f3-15dc0256e8ae]
2024-08-28 14:30:06.602 DEBUG 30456 --- [o-auto-1-exec-3] c.m.c.s.impl.CompensationServiceImpl     : Retreiving compensation with employee id [b29f2ae3-94b6-4a4a-b9f3-15dc0256e8ae]
]]></system-out>
  <system-err><![CDATA[]]></system-err>
</testsuite>
