<?xml version="1.0" encoding="UTF-8"?>
<testsuite name="com.mindex.challenge.service.impl.ReportingStructureServiceImplTest" tests="1" skipped="0" failures="0" errors="0" timestamp="2024-08-28T18:30:06" hostname="JESSKTOP" time="0.025">
  <properties/>
  <testcase name="testGetReportingStructure" classname="com.mindex.challenge.service.impl.ReportingStructureServiceImplTest" time="0.025"/>
  <system-out><![CDATA[2024-08-28 14:30:06.635  INFO 30456 --- [    Test worker] .b.t.c.SpringBootTestContextBootstrapper : Neither @ContextConfiguration nor @ContextHierarchy found for test class [com.mindex.challenge.service.impl.ReportingStructureServiceImplTest], using SpringBootContextLoader
2024-08-28 14:30:06.636  INFO 30456 --- [    Test worker] o.s.t.c.support.AbstractContextLoader    : Could not detect default resource locations for test class [com.mindex.challenge.service.impl.ReportingStructureServiceImplTest]: no resource found for suffixes {-context.xml, Context.groovy}.
2024-08-28 14:30:06.636  INFO 30456 --- [    Test worker] t.c.s.AnnotationConfigContextLoaderUtils : Could not detect default configuration classes for test class [com.mindex.challenge.service.impl.ReportingStructureServiceImplTest]: ReportingStructureServiceImplTest does not declare any static, non-private, non-final, nested classes annotated with @Configuration.
2024-08-28 14:30:06.637  INFO 30456 --- [    Test worker] .b.t.c.SpringBootTestContextBootstrapper : Found @SpringBootConfiguration com.mindex.challenge.ChallengeApplication for test class com.mindex.challenge.service.impl.ReportingStructureServiceImplTest
2024-08-28 14:30:06.638  INFO 30456 --- [    Test worker] .b.t.c.SpringBootTestContextBootstrapper : Loaded default TestExecutionListener class names from location [META-INF/spring.factories]: [org.springframework.boot.test.autoconfigure.restdocs.RestDocsTestExecutionListener, org.springframework.boot.test.autoconfigure.web.client.MockRestServiceServerResetTestExecutionListener, org.springframework.boot.test.autoconfigure.web.servlet.MockMvcPrintOnlyOnFailureTestExecutionListener, org.springframework.boot.test.autoconfigure.web.servlet.WebDriverTestExecutionListener, org.springframework.boot.test.mock.mockito.MockitoTestExecutionListener, org.springframework.boot.test.mock.mockito.ResetMocksTestExecutionListener, org.springframework.test.context.web.ServletTestExecutionListener, org.springframework.test.context.support.DirtiesContextBeforeModesTestExecutionListener, org.springframework.test.context.support.DependencyInjectionTestExecutionListener, org.springframework.test.context.support.DirtiesContextTestExecutionListener, org.springframework.test.context.transaction.TransactionalTestExecutionListener, org.springframework.test.context.jdbc.SqlScriptsTestExecutionListener, org.springframework.test.context.event.EventPublishingTestExecutionListener]
2024-08-28 14:30:06.638  INFO 30456 --- [    Test worker] .b.t.c.SpringBootTestContextBootstrapper : Using TestExecutionListeners: [org.springframework.test.context.web.ServletTestExecutionListener@6ea1215e, org.springframework.test.context.support.DirtiesContextBeforeModesTestExecutionListener@5d46c0c7, org.springframework.boot.test.mock.mockito.MockitoTestExecutionListener@461bb7cd, org.springframework.boot.test.autoconfigure.SpringBootDependencyInjectionTestExecutionListener@509abdda, org.springframework.test.context.support.DirtiesContextTestExecutionListener@37d6dd46, org.springframework.test.context.transaction.TransactionalTestExecutionListener@5cfd6383, org.springframework.test.context.jdbc.SqlScriptsTestExecutionListener@4743120e, org.springframework.test.context.event.EventPublishingTestExecutionListener@42320351, org.springframework.boot.test.autoconfigure.restdocs.RestDocsTestExecutionListener@438fdabc, org.springframework.boot.test.autoconfigure.web.client.MockRestServiceServerResetTestExecutionListener@74d95835, org.springframework.boot.test.autoconfigure.web.servlet.MockMvcPrintOnlyOnFailureTestExecutionListener@2b55e7c2, org.springframework.boot.test.autoconfigure.web.servlet.WebDriverTestExecutionListener@79af4172, org.springframework.boot.test.mock.mockito.ResetMocksTestExecutionListener@44483ec1]
2024-08-28 14:30:06.644 DEBUG 30456 --- [o-auto-1-exec-7] c.m.c.c.ReportingStructureController     : Received get reporting structure request for employee id [16a596ae-edd3-4847-99fe-c4518e82c86f]
2024-08-28 14:30:06.644 DEBUG 30456 --- [o-auto-1-exec-7] c.m.c.s.i.ReportingStructureServiceImpl  : Creating reporting structure with employee id [16a596ae-edd3-4847-99fe-c4518e82c86f]
2024-08-28 14:30:06.656 DEBUG 30456 --- [o-auto-1-exec-8] c.m.c.c.ReportingStructureController     : Received get reporting structure request for employee id [03aa1462-ffa9-4978-901b-7c001562cf6f]
2024-08-28 14:30:06.657 DEBUG 30456 --- [o-auto-1-exec-8] c.m.c.s.i.ReportingStructureServiceImpl  : Creating reporting structure with employee id [03aa1462-ffa9-4978-901b-7c001562cf6f]
]]></system-out>
  <system-err><![CDATA[]]></system-err>
</testsuite>
