<?xml version="1.0" encoding="UTF-8"?>
<testsuite name="com.mindex.challenge.service.impl.EmployeeServiceImplTest" tests="1" skipped="0" failures="0" errors="0" timestamp="2024-08-28T18:30:06" hostname="JESSKTOP" time="0.018">
  <properties/>
  <testcase name="testCreateReadUpdate" classname="com.mindex.challenge.service.impl.EmployeeServiceImplTest" time="0.018"/>
  <system-out><![CDATA[2024-08-28 14:30:06.610  INFO 30456 --- [    Test worker] .b.t.c.SpringBootTestContextBootstrapper : Neither @ContextConfiguration nor @ContextHierarchy found for test class [com.mindex.challenge.service.impl.EmployeeServiceImplTest], using SpringBootContextLoader
2024-08-28 14:30:06.611  INFO 30456 --- [    Test worker] o.s.t.c.support.AbstractContextLoader    : Could not detect default resource locations for test class [com.mindex.challenge.service.impl.EmployeeServiceImplTest]: no resource found for suffixes {-context.xml, Context.groovy}.
2024-08-28 14:30:06.611  INFO 30456 --- [    Test worker] t.c.s.AnnotationConfigContextLoaderUtils : Could not detect default configuration classes for test class [com.mindex.challenge.service.impl.EmployeeServiceImplTest]: EmployeeServiceImplTest does not declare any static, non-private, non-final, nested classes annotated with @Configuration.
2024-08-28 14:30:06.612  INFO 30456 --- [    Test worker] .b.t.c.SpringBootTestContextBootstrapper : Found @SpringBootConfiguration com.mindex.challenge.ChallengeApplication for test class com.mindex.challenge.service.impl.EmployeeServiceImplTest
2024-08-28 14:30:06.613  INFO 30456 --- [    Test worker] .b.t.c.SpringBootTestContextBootstrapper : Loaded default TestExecutionListener class names from location [META-INF/spring.factories]: [org.springframework.boot.test.autoconfigure.restdocs.RestDocsTestExecutionListener, org.springframework.boot.test.autoconfigure.web.client.MockRestServiceServerResetTestExecutionListener, org.springframework.boot.test.autoconfigure.web.servlet.MockMvcPrintOnlyOnFailureTestExecutionListener, org.springframework.boot.test.autoconfigure.web.servlet.WebDriverTestExecutionListener, org.springframework.boot.test.mock.mockito.MockitoTestExecutionListener, org.springframework.boot.test.mock.mockito.ResetMocksTestExecutionListener, org.springframework.test.context.web.ServletTestExecutionListener, org.springframework.test.context.support.DirtiesContextBeforeModesTestExecutionListener, org.springframework.test.context.support.DependencyInjectionTestExecutionListener, org.springframework.test.context.support.DirtiesContextTestExecutionListener, org.springframework.test.context.transaction.TransactionalTestExecutionListener, org.springframework.test.context.jdbc.SqlScriptsTestExecutionListener, org.springframework.test.context.event.EventPublishingTestExecutionListener]
2024-08-28 14:30:06.613  INFO 30456 --- [    Test worker] .b.t.c.SpringBootTestContextBootstrapper : Using TestExecutionListeners: [org.springframework.test.context.web.ServletTestExecutionListener@5333eab4, org.springframework.test.context.support.DirtiesContextBeforeModesTestExecutionListener@14797776, org.springframework.boot.test.mock.mockito.MockitoTestExecutionListener@cf110fd, org.springframework.boot.test.autoconfigure.SpringBootDependencyInjectionTestExecutionListener@2c4f63d5, org.springframework.test.context.support.DirtiesContextTestExecutionListener@60e54aa2, org.springframework.test.context.transaction.TransactionalTestExecutionListener@3f78530f, org.springframework.test.context.jdbc.SqlScriptsTestExecutionListener@3b8acae5, org.springframework.test.context.event.EventPublishingTestExecutionListener@6c8c578a, org.springframework.boot.test.autoconfigure.restdocs.RestDocsTestExecutionListener@26f6b0e3, org.springframework.boot.test.autoconfigure.web.client.MockRestServiceServerResetTestExecutionListener@5b6b6f19, org.springframework.boot.test.autoconfigure.web.servlet.MockMvcPrintOnlyOnFailureTestExecutionListener@36db4b73, org.springframework.boot.test.autoconfigure.web.servlet.WebDriverTestExecutionListener@38e56a25, org.springframework.boot.test.mock.mockito.ResetMocksTestExecutionListener@2b87a472]
2024-08-28 14:30:06.620 DEBUG 30456 --- [o-auto-1-exec-4] c.m.c.controller.EmployeeController      : Received employee create request for [com.mindex.challenge.data.Employee@44f1ccc7]
2024-08-28 14:30:06.620 DEBUG 30456 --- [o-auto-1-exec-4] c.m.c.service.impl.EmployeeServiceImpl   : Creating employee [com.mindex.challenge.data.Employee@44f1ccc7]
2024-08-28 14:30:06.624 DEBUG 30456 --- [o-auto-1-exec-5] c.m.c.controller.EmployeeController      : Received employee create request for id [daca5db6-ab61-4f86-991f-24afeb8529e1]
2024-08-28 14:30:06.624 DEBUG 30456 --- [o-auto-1-exec-5] c.m.c.service.impl.EmployeeServiceImpl   : Creating employee with id [daca5db6-ab61-4f86-991f-24afeb8529e1]
2024-08-28 14:30:06.629 DEBUG 30456 --- [o-auto-1-exec-6] c.m.c.controller.EmployeeController      : Received employee create request for id [daca5db6-ab61-4f86-991f-24afeb8529e1] and employee [com.mindex.challenge.data.Employee@bae6235]
2024-08-28 14:30:06.629 DEBUG 30456 --- [o-auto-1-exec-6] c.m.c.service.impl.EmployeeServiceImpl   : Updating employee [com.mindex.challenge.data.Employee@bae6235]
]]></system-out>
  <system-err><![CDATA[]]></system-err>
</testsuite>
