<?xml version="1.0" encoding="UTF-8"?>
<testsuite name="com.mindex.challenge.DataBootstrapTest" tests="1" skipped="0" failures="0" errors="0" timestamp="2024-08-28T18:30:05" hostname="JESSKTOP" time="0.031">
  <properties/>
  <testcase name="test" classname="com.mindex.challenge.DataBootstrapTest" time="0.031"/>
  <system-out><![CDATA[2024-08-28 14:30:05.477  INFO 30456 --- [    Test worker] .b.t.c.SpringBootTestContextBootstrapper : Neither @ContextConfiguration nor @ContextHierarchy found for test class [com.mindex.challenge.DataBootstrapTest], using SpringBootContextLoader
2024-08-28 14:30:05.477  INFO 30456 --- [    Test worker] o.s.t.c.support.AbstractContextLoader    : Could not detect default resource locations for test class [com.mindex.challenge.DataBootstrapTest]: no resource found for suffixes {-context.xml, Context.groovy}.
2024-08-28 14:30:05.477  INFO 30456 --- [    Test worker] t.c.s.AnnotationConfigContextLoaderUtils : Could not detect default configuration classes for test class [com.mindex.challenge.DataBootstrapTest]: DataBootstrapTest does not declare any static, non-private, non-final, nested classes annotated with @Configuration.
2024-08-28 14:30:05.478  INFO 30456 --- [    Test worker] .b.t.c.SpringBootTestContextBootstrapper : Found @SpringBootConfiguration com.mindex.challenge.ChallengeApplication for test class com.mindex.challenge.DataBootstrapTest
2024-08-28 14:30:05.479  INFO 30456 --- [    Test worker] .b.t.c.SpringBootTestContextBootstrapper : Loaded default TestExecutionListener class names from location [META-INF/spring.factories]: [org.springframework.boot.test.autoconfigure.restdocs.RestDocsTestExecutionListener, org.springframework.boot.test.autoconfigure.web.client.MockRestServiceServerResetTestExecutionListener, org.springframework.boot.test.autoconfigure.web.servlet.MockMvcPrintOnlyOnFailureTestExecutionListener, org.springframework.boot.test.autoconfigure.web.servlet.WebDriverTestExecutionListener, org.springframework.boot.test.mock.mockito.MockitoTestExecutionListener, org.springframework.boot.test.mock.mockito.ResetMocksTestExecutionListener, org.springframework.test.context.web.ServletTestExecutionListener, org.springframework.test.context.support.DirtiesContextBeforeModesTestExecutionListener, org.springframework.test.context.support.DependencyInjectionTestExecutionListener, org.springframework.test.context.support.DirtiesContextTestExecutionListener, org.springframework.test.context.transaction.TransactionalTestExecutionListener, org.springframework.test.context.jdbc.SqlScriptsTestExecutionListener, org.springframework.test.context.event.EventPublishingTestExecutionListener]
2024-08-28 14:30:05.479  INFO 30456 --- [    Test worker] .b.t.c.SpringBootTestContextBootstrapper : Using TestExecutionListeners: [org.springframework.test.context.web.ServletTestExecutionListener@a185976, org.springframework.test.context.support.DirtiesContextBeforeModesTestExecutionListener@13ed1a4c, org.springframework.boot.test.mock.mockito.MockitoTestExecutionListener@299caef7, org.springframework.boot.test.autoconfigure.SpringBootDependencyInjectionTestExecutionListener@574e2ada, org.springframework.test.context.support.DirtiesContextTestExecutionListener@1fd50aac, org.springframework.test.context.transaction.TransactionalTestExecutionListener@64915c60, org.springframework.test.context.jdbc.SqlScriptsTestExecutionListener@28b6bd13, org.springframework.test.context.event.EventPublishingTestExecutionListener@e085a25, org.springframework.boot.test.autoconfigure.restdocs.RestDocsTestExecutionListener@39bfa122, org.springframework.boot.test.autoconfigure.web.client.MockRestServiceServerResetTestExecutionListener@57a39829, org.springframework.boot.test.autoconfigure.web.servlet.MockMvcPrintOnlyOnFailureTestExecutionListener@4a60f9eb, org.springframework.boot.test.autoconfigure.web.servlet.WebDriverTestExecutionListener@6755bf0, org.springframework.boot.test.mock.mockito.ResetMocksTestExecutionListener@42874cad]
]]></system-out>
  <system-err><![CDATA[]]></system-err>
</testsuite>
